0 info it worked if it ends with ok
1 verbose cli [ '/usr/local/bin/node', '/usr/local/bin/npm', 'run', 'dev' ]
2 info using npm@3.10.10
3 info using node@v6.12.2
4 verbose run-script [ 'predev', 'dev', 'postdev' ]
5 info lifecycle wolf-store@1.0.0~predev: wolf-store@1.0.0
6 silly lifecycle wolf-store@1.0.0~predev: no script for predev, continuing
7 info lifecycle wolf-store@1.0.0~dev: wolf-store@1.0.0
8 verbose lifecycle wolf-store@1.0.0~dev: unsafe-perm in lifecycle true
9 verbose lifecycle wolf-store@1.0.0~dev: PATH: /usr/local/lib/node_modules/npm/bin/node-gyp-bin:/Volumes/works/self/wolf-store/node_modules/.bin:/usr/local/bin:/usr/bin:/bin:/usr/sbin:/sbin:/usr/local/mysql/bin:/usr/local/apache-maven-3.6.0/bin[:/usr/local/mysql/bin:/usr/local/apache-maven-3.6.0/bin[
10 verbose lifecycle wolf-store@1.0.0~dev: CWD: /Volumes/works/self/wolf-store
11 silly lifecycle wolf-store@1.0.0~dev: Args: [ '-c',
11 silly lifecycle   'cross-env NODE_ENV=development webpack-dev-server --config=./config/common.config.js --env.environment=dev' ]
12 silly lifecycle wolf-store@1.0.0~dev: Returned: code: 1  signal: null
13 info lifecycle wolf-store@1.0.0~dev: Failed to exec dev script
14 verbose stack Error: wolf-store@1.0.0 dev: `cross-env NODE_ENV=development webpack-dev-server --config=./config/common.config.js --env.environment=dev`
14 verbose stack Exit status 1
14 verbose stack     at EventEmitter.<anonymous> (/usr/local/lib/node_modules/npm/lib/utils/lifecycle.js:255:16)
14 verbose stack     at emitTwo (events.js:106:13)
14 verbose stack     at EventEmitter.emit (events.js:191:7)
14 verbose stack     at ChildProcess.<anonymous> (/usr/local/lib/node_modules/npm/lib/utils/spawn.js:40:14)
14 verbose stack     at emitTwo (events.js:106:13)
14 verbose stack     at ChildProcess.emit (events.js:191:7)
14 verbose stack     at maybeClose (internal/child_process.js:920:16)
14 verbose stack     at Process.ChildProcess._handle.onexit (internal/child_process.js:230:5)
15 verbose pkgid wolf-store@1.0.0
16 verbose cwd /Volumes/works/self/wolf-store
17 error Darwin 17.7.0
18 error argv "/usr/local/bin/node" "/usr/local/bin/npm" "run" "dev"
19 error node v6.12.2
20 error npm  v3.10.10
21 error code ELIFECYCLE
22 error wolf-store@1.0.0 dev: `cross-env NODE_ENV=development webpack-dev-server --config=./config/common.config.js --env.environment=dev`
22 error Exit status 1
23 error Failed at the wolf-store@1.0.0 dev script 'cross-env NODE_ENV=development webpack-dev-server --config=./config/common.config.js --env.environment=dev'.
23 error Make sure you have the latest version of node.js and npm installed.
23 error If you do, this is most likely a problem with the wolf-store package,
23 error not with npm itself.
23 error Tell the author that this fails on your system:
23 error     cross-env NODE_ENV=development webpack-dev-server --config=./config/common.config.js --env.environment=dev
23 error You can get information on how to open an issue for this project with:
23 error     npm bugs wolf-store
23 error Or if that isn't available, you can get their info via:
23 error     npm owner ls wolf-store
23 error There is likely additional logging output above.
24 verbose exit [ 1, true ]
